2021-11-30 20:09:16,032 - App Initialised
2021-11-30 20:09:21,744 - 5 interval set
2021-11-30 20:09:23,711 - Pos1 = Point(x=1092, y=172)
2021-11-30 20:09:24,213 - Pos2 = Point(x=1092, y=172)
2021-11-30 20:09:24,213 - Inactive
2021-11-30 20:09:24,213 - Elapsed time: 0.5025899410247803
2021-11-30 20:09:24,214 - Pos1 = Point(x=1092, y=172)
2021-11-30 20:09:24,714 - Pos2 = Point(x=1092, y=172)
2021-11-30 20:09:24,715 - Inactive
2021-11-30 20:09:24,715 - Elapsed time: 1.0041699409484863
2021-11-30 20:09:24,715 - Pos1 = Point(x=1092, y=172)
2021-11-30 20:09:25,216 - Pos2 = Point(x=1092, y=172)
2021-11-30 20:09:25,216 - Inactive
2021-11-30 20:09:25,216 - Elapsed time: 1.505708932876587
2021-11-30 20:09:25,217 - Pos1 = Point(x=1092, y=172)
2021-11-30 20:09:25,717 - Pos2 = Point(x=1092, y=172)
2021-11-30 20:09:25,718 - Inactive
2021-11-30 20:09:25,718 - Elapsed time: 2.007166862487793
2021-11-30 20:09:25,718 - Pos1 = Point(x=1092, y=172)
2021-11-30 20:09:26,219 - Pos2 = Point(x=1092, y=172)
2021-11-30 20:09:26,219 - Inactive
2021-11-30 20:09:26,220 - Elapsed time: 2.5089879035949707
2021-11-30 20:09:26,220 - Pos1 = Point(x=1092, y=172)
2021-11-30 20:09:26,721 - Pos2 = Point(x=1092, y=172)
2021-11-30 20:09:26,721 - Inactive
2021-11-30 20:09:26,721 - Elapsed time: 3.010629892349243
2021-11-30 20:09:26,722 - Pos1 = Point(x=1092, y=172)
2021-11-30 20:09:27,223 - Pos2 = Point(x=1092, y=172)
2021-11-30 20:09:27,223 - Inactive
2021-11-30 20:09:27,223 - Elapsed time: 3.5127789974212646
2021-11-30 20:09:27,224 - Pos1 = Point(x=1092, y=172)
2021-11-30 20:09:27,724 - Pos2 = Point(x=1092, y=172)
2021-11-30 20:09:27,725 - Inactive
2021-11-30 20:09:27,725 - Elapsed time: 4.014066934585571
2021-11-30 20:09:27,725 - Pos1 = Point(x=1092, y=172)
2021-11-30 20:09:28,226 - Pos2 = Point(x=1092, y=172)
2021-11-30 20:09:28,226 - Inactive
2021-11-30 20:09:28,226 - Elapsed time: 4.515647888183594
2021-11-30 20:09:28,227 - Pos1 = Point(x=1092, y=172)
2021-11-30 20:09:28,727 - Pos2 = Point(x=1092, y=172)
2021-11-30 20:09:28,728 - Inactive
2021-11-30 20:09:28,728 - Elapsed time: 5.017216920852661
2021-11-30 20:09:28,728 - Move mouse
2021-11-30 20:09:31,550 - Pos1 = Point(x=1092, y=172)
2021-11-30 20:09:32,052 - Pos2 = Point(x=1092, y=172)
2021-11-30 20:09:32,052 - Inactive
2021-11-30 20:09:32,052 - Elapsed time: 0.5021686553955078
2021-11-30 20:09:32,053 - Pos1 = Point(x=1092, y=172)
2021-11-30 20:09:32,554 - Pos2 = Point(x=1092, y=172)
2021-11-30 20:09:32,554 - Inactive
2021-11-30 20:09:32,554 - Elapsed time: 1.0042939186096191
2021-11-30 20:09:32,555 - Pos1 = Point(x=1092, y=172)
2021-11-30 20:09:33,055 - Pos2 = Point(x=1092, y=172)
2021-11-30 20:09:33,056 - Inactive
2021-11-30 20:09:33,056 - Elapsed time: 1.5057826042175293
2021-11-30 20:09:33,056 - Pos1 = Point(x=1092, y=172)
2021-11-30 20:09:33,557 - Pos2 = Point(x=1422, y=935)
2021-11-30 20:09:33,557 - Active
2021-11-30 20:09:33,557 - Pos1 = Point(x=1422, y=935)
2021-11-30 20:09:34,058 - Pos2 = Point(x=1500, y=1002)
2021-11-30 20:09:34,058 - Active
2021-11-30 20:09:34,058 - Pos1 = Point(x=1500, y=1002)
2021-11-30 20:09:34,559 - Pos2 = Point(x=1498, y=1006)
2021-11-30 20:09:34,560 - Active
2021-11-30 20:09:34,560 - Pos1 = Point(x=1498, y=1006)
2021-11-30 20:09:35,061 - Pos2 = Point(x=1137, y=430)
2021-11-30 20:09:35,061 - Active
2021-11-30 20:09:35,061 - Pos1 = Point(x=1137, y=430)
2021-11-30 20:09:35,563 - Pos2 = Point(x=106, y=0)
2021-11-30 20:09:35,563 - Active
2021-11-30 20:09:35,563 - Pos1 = Point(x=106, y=0)
2021-11-30 20:09:36,065 - Pos2 = Point(x=73, y=10)
2021-11-30 20:09:36,065 - Active
2021-11-30 20:09:36,065 - Pos1 = Point(x=73, y=10)
2021-11-30 20:09:36,566 - Pos2 = Point(x=76, y=12)
2021-11-30 20:09:36,566 - Active
2021-11-30 20:09:36,566 - Pos1 = Point(x=76, y=12)
2021-11-30 20:09:37,067 - Pos2 = Point(x=584, y=276)
2021-11-30 20:09:37,067 - Active
2021-11-30 20:09:37,067 - Pos1 = Point(x=584, y=276)
2021-11-30 20:09:37,569 - Pos2 = Point(x=324, y=290)
2021-11-30 20:09:37,569 - Active
2021-11-30 20:09:37,569 - Pos1 = Point(x=324, y=290)
2021-11-30 20:09:38,070 - Pos2 = Point(x=324, y=290)
2021-11-30 20:09:38,070 - Inactive
2021-11-30 20:09:38,071 - Elapsed time: 0.5015590190887451
2021-11-30 20:09:38,071 - Pos1 = Point(x=324, y=290)
2021-11-30 20:09:38,571 - Pos2 = Point(x=324, y=290)
2021-11-30 20:09:38,571 - Inactive
2021-11-30 20:09:38,572 - Elapsed time: 1.002615213394165
2021-11-30 20:09:38,572 - Pos1 = Point(x=324, y=290)
2021-11-30 20:09:39,073 - Pos2 = Point(x=322, y=290)
2021-11-30 20:09:39,073 - Active
2021-11-30 20:09:39,073 - Pos1 = Point(x=322, y=290)
2021-11-30 20:09:39,574 - Pos2 = Point(x=249, y=256)
2021-11-30 20:09:39,574 - Active
2021-11-30 20:09:39,574 - Pos1 = Point(x=249, y=256)
2021-11-30 20:09:40,075 - Pos2 = Point(x=272, y=305)
2021-11-30 20:09:40,075 - Active
2021-11-30 20:09:40,075 - Pos1 = Point(x=272, y=305)
2021-11-30 20:09:40,576 - Pos2 = Point(x=272, y=305)
2021-11-30 20:09:40,577 - Inactive
2021-11-30 20:09:40,577 - Elapsed time: 0.5016381740570068
2021-11-30 20:09:40,577 - Pos1 = Point(x=272, y=305)
2021-11-30 20:09:41,078 - Pos2 = Point(x=272, y=305)
2021-11-30 20:09:41,078 - Inactive
2021-11-30 20:09:41,079 - Elapsed time: 1.003406286239624
2021-11-30 20:09:41,079 - Pos1 = Point(x=272, y=305)
