2021-11-30 19:35:19,411 - App Initialised
2021-11-30 19:35:26,475 - 5 interval set
2021-11-30 19:35:28,409 - Pos1 = Point(x=1102, y=167)
2021-11-30 19:35:28,911 - Pos2 = Point(x=1102, y=167)
2021-11-30 19:35:28,911 - Inactive
2021-11-30 19:35:28,911 - Elapsed time: 0.5024619102478027
2021-11-30 19:35:28,911 - Pos1 = Point(x=1102, y=167)
2021-11-30 19:35:29,412 - Pos2 = Point(x=1102, y=167)
2021-11-30 19:35:29,412 - Inactive
2021-11-30 19:35:29,413 - Elapsed time: 1.0041141510009766
2021-11-30 19:35:29,413 - Pos1 = Point(x=1102, y=167)
2021-11-30 19:35:29,914 - Pos2 = Point(x=1102, y=167)
2021-11-30 19:35:29,915 - Inactive
2021-11-30 19:35:29,915 - Elapsed time: 1.506253957748413
2021-11-30 19:35:29,915 - Pos1 = Point(x=1102, y=167)
2021-11-30 19:35:30,416 - Pos2 = Point(x=1102, y=167)
2021-11-30 19:35:30,417 - Inactive
2021-11-30 19:35:30,417 - Elapsed time: 2.008370876312256
2021-11-30 19:35:30,417 - Pos1 = Point(x=1102, y=167)
2021-11-30 19:35:30,918 - Pos2 = Point(x=1102, y=167)
2021-11-30 19:35:30,918 - Inactive
2021-11-30 19:35:30,918 - Elapsed time: 2.5099709033966064
2021-11-30 19:35:30,919 - Pos1 = Point(x=1102, y=167)
2021-11-30 19:35:31,420 - Pos2 = Point(x=1100, y=24)
2021-11-30 19:35:31,420 - Active
2021-11-30 19:35:31,420 - Pos1 = Point(x=1100, y=24)
2021-11-30 19:35:31,921 - Pos2 = Point(x=1098, y=14)
2021-11-30 19:35:31,921 - Active
2021-11-30 19:35:31,922 - Pos1 = Point(x=1098, y=14)
2021-11-30 19:35:32,423 - Pos2 = Point(x=1098, y=14)
2021-11-30 19:35:32,423 - Inactive
2021-11-30 19:35:32,423 - Elapsed time: 0.5015659332275391
2021-11-30 19:35:32,423 - Pos1 = Point(x=1098, y=14)
2021-11-30 19:35:32,924 - Pos2 = Point(x=1098, y=14)
2021-11-30 19:35:32,924 - Inactive
2021-11-30 19:35:32,925 - Elapsed time: 1.0030500888824463
2021-11-30 19:35:32,925 - Pos1 = Point(x=1098, y=14)
2021-11-30 19:35:33,426 - Pos2 = Point(x=1098, y=14)
2021-11-30 19:35:33,426 - Inactive
2021-11-30 19:35:33,426 - Elapsed time: 1.5045928955078125
2021-11-30 19:35:33,426 - Pos1 = Point(x=1098, y=14)
2021-11-30 19:35:33,927 - Pos2 = Point(x=1098, y=14)
2021-11-30 19:35:33,927 - Inactive
2021-11-30 19:35:33,928 - Elapsed time: 2.0061728954315186
2021-11-30 19:35:33,928 - Pos1 = Point(x=1098, y=14)
2021-11-30 19:35:34,429 - Pos2 = Point(x=1078, y=106)
2021-11-30 19:35:34,429 - Active
2021-11-30 19:35:34,429 - Pos1 = Point(x=1078, y=106)
2021-11-30 19:35:34,930 - Pos2 = Point(x=777, y=478)
2021-11-30 19:35:34,930 - Active
2021-11-30 19:35:34,931 - Pos1 = Point(x=777, y=478)
2021-11-30 19:35:35,431 - Pos2 = Point(x=550, y=611)
2021-11-30 19:35:35,432 - Active
2021-11-30 19:35:35,432 - Pos1 = Point(x=548, y=612)
2021-11-30 19:35:35,933 - Pos2 = Point(x=548, y=612)
2021-11-30 19:35:35,933 - Inactive
2021-11-30 19:35:35,933 - Elapsed time: 0.501366138458252
2021-11-30 19:35:35,933 - Pos1 = Point(x=548, y=612)
2021-11-30 19:35:36,434 - Pos2 = Point(x=548, y=612)
2021-11-30 19:35:36,435 - Inactive
2021-11-30 19:35:36,435 - Elapsed time: 1.0029833316802979
2021-11-30 19:35:36,435 - Pos1 = Point(x=548, y=612)
